<?xml version="1.0" encoding="UTF-8"?>
<!-- Generated by org.testng.reporters.JUnitXMLReporter -->
<testsuite ignored="0" hostname="DESKTOP-ME0B5PI" failures="0" tests="4" name="Test Chrome" time="291.702" errors="0" timestamp="2022-12-09T11:17:05 IST">
  <testcase classname="com.qa.testscripts.Tc_Tripsearch_001" name="getTest" time="67.475"/>
  <testcase classname="com.qa.testscripts.Tc_Tripsearch_001" name="getTest" time="67.701"/>
  <testcase classname="com.qa.testscripts.Tc_Tripsearch_001" name="getTest" time="67.298"/>
  <testcase classname="com.qa.testscripts.Tc_Tripsearch_001" name="getTest" time="67.247"/>
</testsuite> <!-- Test Chrome -->
