<?xml version="1.0" encoding="UTF-8"?>
<testng-results ignored="0" total="4" passed="4" failed="0" skipped="0">
  <reporter-output>
  </reporter-output>
  <suite started-at="2022-12-09T11:12:13 IST" name="Suite" finished-at="2022-12-09T11:17:05 IST" duration-ms="291702">
    <groups>
    </groups>
    <test started-at="2022-12-09T11:12:13 IST" name="Test Chrome" finished-at="2022-12-09T11:17:05 IST" duration-ms="291702">
      <class name="com.qa.testscripts.Tc_Tripsearch_001">
        <test-method is-config="true" signature="setUp(java.lang.String,java.lang.String)[pri:0, instance:com.qa.testscripts.Tc_Tripsearch_001@4efc180e]" started-at="2022-12-09T11:12:13 IST" name="setUp" finished-at="2022-12-09T11:12:30 IST" duration-ms="17254" status="PASS">
          <params>
            <param index="0">
              <value>
                <![CDATA[Chrome]]>
              </value>
            </param>
            <param index="1">
              <value>
                <![CDATA[https://www.cleartrip.com/]]>
              </value>
            </param>
          </params>
          <reporter-output>
          </reporter-output>
        </test-method> <!-- setUp -->
        <test-method signature="getTest(java.lang.String,java.lang.String)[pri:0, instance:com.qa.testscripts.Tc_Tripsearch_001@4efc180e]" started-at="2022-12-09T11:12:32 IST" name="getTest" data-provider="getdata" finished-at="2022-12-09T11:13:39 IST" duration-ms="67475" status="PASS">
          <params>
            <param index="0">
              <value>
                <![CDATA[mumbai]]>
              </value>
            </param>
            <param index="1">
              <value>
                <![CDATA[chennai]]>
              </value>
            </param>
          </params>
          <reporter-output>
          </reporter-output>
        </test-method> <!-- getTest -->
        <test-method signature="getTest(java.lang.String,java.lang.String)[pri:0, instance:com.qa.testscripts.Tc_Tripsearch_001@4efc180e]" started-at="2022-12-09T11:13:39 IST" name="getTest" data-provider="getdata" finished-at="2022-12-09T11:14:47 IST" duration-ms="67701" status="PASS">
          <params>
            <param index="0">
              <value>
                <![CDATA[chennai]]>
              </value>
            </param>
            <param index="1">
              <value>
                <![CDATA[bengaluru]]>
              </value>
            </param>
          </params>
          <reporter-output>
          </reporter-output>
        </test-method> <!-- getTest -->
        <test-method signature="getTest(java.lang.String,java.lang.String)[pri:0, instance:com.qa.testscripts.Tc_Tripsearch_001@4efc180e]" started-at="2022-12-09T11:14:47 IST" name="getTest" data-provider="getdata" finished-at="2022-12-09T11:15:54 IST" duration-ms="67298" status="PASS">
          <params>
            <param index="0">
              <value>
                <![CDATA[bengaluru]]>
              </value>
            </param>
            <param index="1">
              <value>
                <![CDATA[delhi]]>
              </value>
            </param>
          </params>
          <reporter-output>
          </reporter-output>
        </test-method> <!-- getTest -->
        <test-method signature="getTest(java.lang.String,java.lang.String)[pri:0, instance:com.qa.testscripts.Tc_Tripsearch_001@4efc180e]" started-at="2022-12-09T11:15:54 IST" name="getTest" data-provider="getdata" finished-at="2022-12-09T11:17:02 IST" duration-ms="67247" status="PASS">
          <params>
            <param index="0">
              <value>
                <![CDATA[delhi]]>
              </value>
            </param>
            <param index="1">
              <value>
                <![CDATA[munbai]]>
              </value>
            </param>
          </params>
          <reporter-output>
          </reporter-output>
        </test-method> <!-- getTest -->
        <test-method is-config="true" signature="tearDown()[pri:0, instance:com.qa.testscripts.Tc_Tripsearch_001@4efc180e]" started-at="2022-12-09T11:17:02 IST" name="tearDown" finished-at="2022-12-09T11:17:05 IST" duration-ms="3300" status="PASS">
          <reporter-output>
          </reporter-output>
        </test-method> <!-- tearDown -->
      </class> <!-- com.qa.testscripts.Tc_Tripsearch_001 -->
    </test> <!-- Test Chrome -->
  </suite> <!-- Suite -->
</testng-results>
